{
  "RSpec": {
    "coverage": {
      "/Users/Marlon/Desktop/Makers/TFAA/app/helpers/adventures_helper.rb": [
        1,
        null
      ],
      "/Users/Marlon/Desktop/Makers/TFAA/app/helpers/application_helper.rb": [
        1,
        null
      ],
      "/Users/Marlon/Desktop/Makers/TFAA/app/helpers/chapters_helper.rb": [
        1,
        null
      ],
      "/Users/Marlon/Desktop/Makers/TFAA/app/helpers/choices_helper.rb": [
        1,
        null
      ],
      "/Users/Marlon/Desktop/Makers/TFAA/app/helpers/games_helper.rb": [
        1,
        null
      ],
      "/Users/Marlon/Desktop/Makers/TFAA/app/models/user.rb": [
        1,
        null,
        null,
        1,
        null,
        null,
        1,
        null,
        null
      ],
      "/Users/Marlon/Desktop/Makers/TFAA/app/models/application_record.rb": [
        1,
        1,
        null
      ],
      "/Users/Marlon/Desktop/Makers/TFAA/app/controllers/adventures_controller.rb": [
        1,
        1,
        16,
        null,
        null,
        1,
        0,
        0,
        null,
        null,
        1,
        7,
        null,
        null,
        1,
        6,
        6,
        6,
        null,
        null,
        1,
        6,
        6,
        6,
        null,
        null,
        null,
        1,
        null,
        1,
        6,
        null,
        null
      ],
      "/Users/Marlon/Desktop/Makers/TFAA/app/controllers/application_controller.rb": [
        1,
        1,
        null
      ],
      "/Users/Marlon/Desktop/Makers/TFAA/app/models/adventure.rb": [
        1,
        null,
        1,
        1,
        null,
        1,
        null,
        1,
        1,
        1,
        1,
        null,
        1,
        0,
        0,
        0,
        0,
        0,
        0,
        null,
        0,
        0,
        0,
        0,
        null,
        0,
        null,
        null,
        1,
        6,
        0,
        0,
        0,
        null,
        null,
        1,
        0,
        null,
        null,
        1,
        0,
        null,
        null,
        1,
        0,
        null,
        null,
        null,
        1,
        0,
        null,
        null,
        1,
        0,
        null,
        null,
        null,
        1,
        0,
        null,
        null,
        1,
        0,
        0,
        null,
        null,
        1,
        0,
        0,
        0,
        0,
        null,
        null,
        0,
        0,
        null,
        null,
        0,
        null,
        null,
        1,
        0,
        0,
        0,
        0,
        0,
        null,
        0,
        null,
        null,
        null,
        1,
        0,
        null,
        null,
        null,
        1,
        0,
        null,
        null,
        1,
        0,
        0,
        null,
        null,
        null
      ],
      "/Users/Marlon/Desktop/Makers/TFAA/app/models/chapter.rb": [
        1,
        null,
        1,
        1,
        null,
        1,
        null,
        null
      ],
      "/Users/Marlon/Desktop/Makers/TFAA/app/controllers/chapters_controller.rb": [
        1,
        null,
        1,
        null,
        1,
        0,
        0,
        0,
        0,
        0,
        0,
        0,
        0,
        null,
        null,
        0,
        0,
        0,
        0,
        0,
        0,
        null,
        null,
        null,
        null,
        1,
        5,
        5,
        null,
        null,
        1,
        3,
        null,
        3,
        3,
        null,
        0,
        null,
        3,
        3,
        3,
        3,
        0,
        0,
        null,
        null,
        1,
        0,
        0,
        null,
        null,
        1,
        0,
        0,
        0,
        0,
        0,
        null,
        null,
        null,
        1,
        0,
        0,
        null,
        0,
        0,
        null,
        0,
        0,
        null,
        null,
        1,
        0,
        0,
        null,
        0,
        0,
        null,
        0,
        null,
        null,
        1,
        0,
        0,
        null,
        null,
        1,
        0,
        null,
        null,
        1,
        null,
        1,
        3,
        null,
        null,
        1,
        0,
        0,
        null,
        null,
        null
      ],
      "/Users/Marlon/Desktop/Makers/TFAA/app/models/choice.rb": [
        1,
        null,
        1,
        null,
        1,
        0,
        0,
        null,
        null,
        null
      ],
      "/Users/Marlon/Desktop/Makers/TFAA/app/controllers/choices_controller.rb": [
        0,
        0,
        0,
        0,
        0,
        0,
        0,
        0,
        0,
        0,
        0,
        0,
        0,
        0,
        0,
        0,
        0,
        0,
        0,
        0,
        0,
        0,
        0,
        0,
        0,
        0,
        0,
        0,
        0,
        0,
        0,
        0,
        0,
        0,
        0,
        0,
        0,
        0
      ],
      "/Users/Marlon/Desktop/Makers/TFAA/app/controllers/games_controller.rb": [
        0,
        0,
        0,
        0,
        0,
        0,
        0,
        0
      ],
      "/Users/Marlon/Desktop/Makers/TFAA/app/controllers/registrations_controller.rb": [
        0,
        0,
        0,
        0,
        0,
        0,
        0,
        0,
        0,
        0,
        0,
        0
      ],
      "/Users/Marlon/Desktop/Makers/TFAA/app/models/game.rb": [
        0,
        0,
        0,
        0,
        0,
        0,
        0,
        0,
        0
      ]
    },
    "timestamp": 1470239702
  }
}
