{
  "RSpec": {
    "coverage": {
      "/Users/Marlon/Desktop/Makers/TFAA/app/helpers/adventures_helper.rb": [
        1,
        null,
        1,
        0,
        null,
        null,
        null
      ],
      "/Users/Marlon/Desktop/Makers/TFAA/app/helpers/application_helper.rb": [
        1,
        null
      ],
      "/Users/Marlon/Desktop/Makers/TFAA/app/helpers/chapters_helper.rb": [
        1,
        null
      ],
      "/Users/Marlon/Desktop/Makers/TFAA/app/models/user.rb": [
        1,
        null,
        null,
        1,
        null,
        1,
        null,
        null,
        1,
        null,
        null
      ],
      "/Users/Marlon/Desktop/Makers/TFAA/app/models/application_record.rb": [
        1,
        1,
        null
      ],
      "/Users/Marlon/Desktop/Makers/TFAA/app/models/adventure.rb": [
        1,
        null,
        1,
        1,
        null,
        1,
        1,
        null,
        null
      ],
      "/Users/Marlon/Desktop/Makers/TFAA/app/models/chapter.rb": [
        1,
        null,
        1,
        1,
        null,
        1,
        null,
        null
      ],
      "/Users/Marlon/Desktop/Makers/TFAA/app/models/choice.rb": [
        1,
        null,
        1,
        null,
        1,
        null,
        1,
        null,
        1,
        6,
        36,
        null,
        null,
        null
      ],
      "/Users/Marlon/Desktop/Makers/TFAA/app/controllers/adventures_controller.rb": [
        1,
        1,
        5,
        null,
        null,
        1,
        4,
        4,
        null,
        null
      ],
      "/Users/Marlon/Desktop/Makers/TFAA/app/controllers/application_controller.rb": [
        1,
        1,
        null
      ],
      "/Users/Marlon/Desktop/Makers/TFAA/app/controllers/chapters_controller.rb": [
        1,
        null,
        1,
        null,
        1,
        6,
        6,
        6,
        6,
        null,
        null
      ],
      "/Users/Marlon/Desktop/Makers/TFAA/app/models/game.rb": [
        1,
        1,
        1,
        null,
        1,
        1,
        1,
        null,
        null
      ],
      "/Users/Marlon/Desktop/Makers/TFAA/app/controllers/registrations_controller.rb": [
        0,
        0,
        0,
        0,
        0,
        0,
        0,
        0,
        0,
        0,
        0,
        0
      ]
    },
    "timestamp": 1469979780
  }
}
